{"/Users/ryantsuzaki/code/Ryan-reviews/test/server-test.js":{"path":"/Users/ryantsuzaki/code/Ryan-reviews/test/server-test.js","s":{"1":1,"2":1,"3":1,"4":1,"5":1,"6":1,"7":0,"8":0,"9":0,"10":0,"11":0,"12":0,"13":0,"14":0,"15":0,"16":0,"17":0,"18":0,"19":0,"20":0,"21":0,"22":0,"23":0,"24":0},"b":{},"f":{},"fnMap":{},"statementMap":{"1":{"start":{"line":1,"column":0},"end":{"line":1,"column":27}},"2":{"start":{"line":2,"column":0},"end":{"line":2,"column":36}},"3":{"start":{"line":4,"column":0},"end":{"line":4,"column":27}},"4":{"start":{"line":6,"column":0},"end":{"line":6,"column":19}},"5":{"start":{"line":8,"column":0},"end":{"line":8,"column":36}},"6":{"start":{"line":10,"column":0},"end":{"line":21,"column":3}},"7":{"start":{"line":11,"column":2},"end":{"line":20,"column":5}},"8":{"start":{"line":12,"column":4},"end":{"line":19,"column":9}},"9":{"start":{"line":15,"column":8},"end":{"line":15,"column":36}},"10":{"start":{"line":16,"column":8},"end":{"line":16,"column":27}},"11":{"start":{"line":17,"column":8},"end":{"line":17,"column":34}},"12":{"start":{"line":18,"column":8},"end":{"line":18,"column":15}},"13":{"start":{"line":23,"column":0},"end":{"line":45,"column":3}},"14":{"start":{"line":24,"column":2},"end":{"line":44,"column":5}},"15":{"start":{"line":25,"column":4},"end":{"line":43,"column":9}},"16":{"start":{"line":41,"column":8},"end":{"line":41,"column":36}},"17":{"start":{"line":42,"column":8},"end":{"line":42,"column":15}},"18":{"start":{"line":47,"column":0},"end":{"line":62,"column":3}},"19":{"start":{"line":48,"column":2},"end":{"line":61,"column":5}},"20":{"start":{"line":49,"column":4},"end":{"line":60,"column":9}},"21":{"start":{"line":52,"column":8},"end":{"line":52,"column":37}},"22":{"start":{"line":53,"column":8},"end":{"line":59,"column":13}},"23":{"start":{"line":57,"column":12},"end":{"line":57,"column":45}},"24":{"start":{"line":58,"column":12},"end":{"line":58,"column":19}}},"branchMap":{}}}